Starting at Mon May  8 08:52:00 PM UTC 2023

nvcc -isystem ./googletest-main/googletest/include -O3 -std=c++14 -arch=compute_75 -code=sm_75 -c main_q1.cu
recurrence.cuh(59): error: expression must have class type but it has type "const elem_type *"

recurrence.cuh(59): error: expected a ")"

recurrence.cuh(59): error: argument of type "const elem_type *" is incompatible with parameter of type "void *"

recurrence.cuh(59): error: too few arguments in function call

recurrence.cuh(59): warning #174-D: expression has no effect

recurrence.cuh(59): warning #174-D: expression has no effect

recurrence.cuh(59): error: expected a ";"

recurrence.cuh(61): error: expression must have class type but it has type "elem_type *"

recurrence.cuh(62): error: argument of type "const elem_type *" is incompatible with parameter of type "void *"

7 errors detected in the compilation of "main_q1.cu".
make: *** [Makefile:39: main_q1.o] Error 1

Output from main_q1
----------------
Running main() from ./googletest-main/googletest/src/gtest_main.cc
[==========] Running 6 tests from 1 test suite.
[----------] Global test environment set-up.
[----------] 6 tests from RecurrenceTestFixture
[ RUN      ] RecurrenceTestFixture.GPUAllocationTest_1
main_q1.cu:123: Failure
Failed
Couldn't allocate memory!


[  FAILED  ] RecurrenceTestFixture.GPUAllocationTest_1 (2401 ms)
[ RUN      ] RecurrenceTestFixture.InitalizeArrayTest_2
/var/spool/slurmd/job10648/slurm_script: line 18: 455808 Segmentation fault      (core dumped) ./main_q1

Output from main_q2
----------------
/var/spool/slurmd/job10648/slurm_script: line 23: ./main_q2: No such file or directory

Output from main_q3
----------------
/var/spool/slurmd/job10648/slurm_script: line 28: ./main_q3: No such file or directory
